{"level":"info","msg":"Server running on port 8080","time":"2019-11-11T20:23:04+01:00"}
{"level":"info","msg":"Server running on port 8080","time":"2019-11-11T20:23:08+01:00"}
{"level":"info","msg":"Getting all channels from channels.json","time":"2019-11-11T20:23:13+01:00"}
{"level":"info","msg":"Successfully read all channels","time":"2019-11-11T20:23:13+01:00"}
{"level":"info","msg":"Successfully removed channel from channels.json","time":"2019-11-11T20:23:17+01:00"}
{"level":"info","msg":"Adding channel to DB","time":"2019-11-11T20:23:19+01:00"}
{"level":"info","msg":"Adding channel to DB","time":"2019-11-11T20:23:19+01:00"}
{"level":"info","msg":"Updating latest downloaded video id","time":"2019-11-11T20:23:34+01:00"}
{"level":"info","msg":"Latest downloaded video id updated successfully","time":"2019-11-11T20:23:34+01:00"}
{"level":"info","msg":"Getting all channels from channels.json","time":"2019-11-11T20:23:34+01:00"}
{"level":"info","msg":"Successfully read all channels","time":"2019-11-11T20:23:34+01:00"}
{"level":"info","msg":"Server running on port 8080","time":"2019-11-11T20:31:43+01:00"}
{"level":"info","msg":"Server running on port 8080","time":"2019-11-11T20:31:55+01:00"}
{"level":"info","msg":"Server running on port 8080","time":"2019-11-11T20:31:56+01:00"}
{"level":"info","msg":"Server running on port 8080","time":"2019-11-11T20:32:08+01:00"}
{"level":"info","msg":"Server running on port 8080","time":"2019-11-11T20:33:58+01:00"}
{"level":"info","msg":"Server running on port 8080","time":"2019-11-11T20:35:44+01:00"}
{"level":"info","msg":"Server running on port 8080","time":"2019-11-11T20:35:45+01:00"}
{"level":"info","msg":"Server running on port 8080","time":"2019-11-11T20:36:06+01:00"}
{"level":"info","msg":"Server running on port 8080","time":"2019-11-11T20:36:40+01:00"}
{"level":"info","msg":"Server running on port 8080","time":"2019-11-11T20:37:47+01:00"}
{"level":"info","msg":"Server running on port 8080","time":"2019-11-11T20:38:26+01:00"}
{"level":"info","msg":"Server running on port 8080","time":"2019-11-11T20:41:59+01:00"}
{"level":"info","msg":"Server running on port 8080","time":"2019-11-11T20:45:09+01:00"}
{"level":"info","msg":"Getting all channels from channels.json","time":"2019-11-11T20:45:14+01:00"}
{"level":"info","msg":"Successfully read all channels","time":"2019-11-11T20:45:14+01:00"}
{"level":"info","msg":"Getting all channels from channels.json","time":"2019-11-11T20:45:16+01:00"}
{"level":"info","msg":"Successfully read all channels","time":"2019-11-11T20:45:16+01:00"}
{"level":"info","msg":"Checking for new videos","time":"2019-11-11T20:45:18+01:00"}
{"level":"info","msg":"Getting all channels from channels.json","time":"2019-11-11T20:45:18+01:00"}
{"level":"info","msg":"Successfully read all channels","time":"2019-11-11T20:45:18+01:00"}
{"level":"info","msg":"No new videos found for: UCpbH_7H71IPKq4eH7CD5spg","time":"2019-11-11T20:45:22+01:00"}
{"level":"info","msg":"Server running on port 8080","time":"2019-11-11T21:08:14+01:00"}
{"level":"info","msg":"Getting all channels from channels.json","time":"2019-11-11T21:08:20+01:00"}
{"level":"info","msg":"Successfully read all channels","time":"2019-11-11T21:08:20+01:00"}
{"level":"info","msg":"Getting all channels from channels.json","time":"2019-11-11T21:08:21+01:00"}
{"level":"info","msg":"Successfully read all channels","time":"2019-11-11T21:08:21+01:00"}
{"level":"info","msg":"Checking for new videos","time":"2019-11-11T21:08:29+01:00"}
{"level":"info","msg":"Getting all channels from channels.json","time":"2019-11-11T21:08:29+01:00"}
{"level":"info","msg":"Successfully read all channels","time":"2019-11-11T21:08:29+01:00"}
{"level":"info","msg":"No new videos found for: UCpbH_7H71IPKq4eH7CD5spg","time":"2019-11-11T21:08:32+01:00"}
{"level":"info","msg":"Server running on port 8080","time":"2019-11-11T21:09:25+01:00"}
{"level":"info","msg":"Getting all channels from channels.json","time":"2019-11-11T21:09:26+01:00"}
{"level":"info","msg":"Successfully read all channels","time":"2019-11-11T21:09:26+01:00"}
{"level":"info","msg":"Successfully removed channel from channels.json","time":"2019-11-11T21:09:29+01:00"}
{"level":"info","msg":"Adding channel to DB","time":"2019-11-11T21:09:32+01:00"}
{"level":"info","msg":"Adding channel to DB","time":"2019-11-11T21:09:32+01:00"}
{"level":"info","msg":"Updating latest downloaded video id","time":"2019-11-11T21:10:31+01:00"}
{"level":"info","msg":"Latest downloaded video id updated successfully","time":"2019-11-11T21:10:31+01:00"}
{"level":"info","msg":"Getting all channels from channels.json","time":"2019-11-11T21:10:31+01:00"}
{"level":"info","msg":"Successfully read all channels","time":"2019-11-11T21:10:31+01:00"}
